<?xml version="1.0" encoding="UTF-8"?>
<!-- Generated by org.testng.reporters.JUnitXMLReporter -->
<testsuite ignored="8" hostname="sasi" failures="0" tests="3" name="Test" time="30.832" errors="0" timestamp="2024-05-01T15:30:44 IST">
  <testcase classname="com.TestScripts.ElectronicsTest1" name="Payment" time="11.238"/>
  <testcase classname="com.TestScripts.ElectronicsTest1" name="register" time="11.585"/>
  <testcase classname="com.TestScripts.ElectronicsTest" name="register" time="7.87"/>
  <testcase classname="com.TestScripts.BookTest" name="Book_001" time="0.0">
    <ignored/>
  </testcase> <!-- Book_001 -->
  <testcase classname="com.TestScripts.ElectronicsTest1" name="Login" time="0.0">
    <ignored/>
  </testcase> <!-- Login -->
  <testcase classname="com.TestScripts.ElectronicsTest1" name="Addtocart" time="0.0">
    <ignored/>
  </testcase> <!-- Addtocart -->
  <testcase classname="com.TestScripts.ElectronicsTest" name="Payment" time="0.0">
    <ignored/>
  </testcase> <!-- Payment -->
  <testcase classname="com.TestScripts.ElectronicsTest" name="Confirmorder" time="0.0">
    <ignored/>
  </testcase> <!-- Confirmorder -->
  <testcase classname="com.TestScripts.ElectronicsTest1" name="Confirmorder" time="0.0">
    <ignored/>
  </testcase> <!-- Confirmorder -->
  <testcase classname="com.TestScripts.ElectronicsTest" name="Addtocart" time="0.0">
    <ignored/>
  </testcase> <!-- Addtocart -->
  <testcase classname="com.TestScripts.ElectronicsTest" name="Login" time="0.0">
    <ignored/>
  </testcase> <!-- Login -->
</testsuite> <!-- Test -->
